app/build/outputs/logs/manifest-merger-debug-report.txt
-- Merging decision tree log ---
manifest
ADDED from src/main/AndroidManifest.xml:2:1-40:12
	xmlns:android
		ADDED from src/main/AndroidManifest.xml:2:11-69
	package
		ADDED from src/main/AndroidManifest.xml:3:5-32
		INJECTED from src/main/AndroidManifest.xml
		INJECTED from src/main/AndroidManifest.xml
	android:versionName
		ADDED from src/main/AndroidManifest.xml:5:5-30
		INJECTED from src/main/AndroidManifest.xml
		INJECTED from src/main/AndroidManifest.xml
	android:versionCode
		ADDED from src/main/AndroidManifest.xml:4:5-28
		INJECTED from src/main/AndroidManifest.xml
		INJECTED from src/main/AndroidManifest.xml
uses-sdk
ADDED from src/main/AndroidManifest.xml:7:5-9:41
	android:targetSdkVersion
		ADDED from src/main/AndroidManifest.xml:9:9-38
		INJECTED from src/main/AndroidManifest.xml
		INJECTED from src/main/AndroidManifest.xml
	android:minSdkVersion
		ADDED from src/main/AndroidManifest.xml:8:9-34
		INJECTED from src/main/AndroidManifest.xml
		INJECTED from src/main/AndroidManifest.xml
application
ADDED from src/main/AndroidManifest.xml:10:5-38:19
	android:label
		ADDED from src/main/AndroidManifest.xml:13:9-41
	android:allowBackup
		ADDED from src/main/AndroidManifest.xml:11:9-35
	android:icon
		ADDED from src/main/AndroidManifest.xml:12:9-45
	android:theme
		ADDED from src/main/AndroidManifest.xml:14:9-40
activity#com.yc.DemoActivity
ADDED from src/main/AndroidManifest.xml:15:9-24:20
	android:label
		ADDED from src/main/AndroidManifest.xml:18:13-45
	android:name
		ADDED from src/main/AndroidManifest.xml:16:13-47
	android:launchMode
		ADDED from src/main/AndroidManifest.xml:17:13-44
intent-filter#android.intent.action.MAIN+android.intent.category.LAUNCHER
ADDED from src/main/AndroidManifest.xml:19:13-23:29
action#android.intent.action.MAIN
ADDED from src/main/AndroidManifest.xml:20:17-69
	android:name
		ADDED from src/main/AndroidManifest.xml:20:25-66
category#android.intent.category.LAUNCHER
ADDED from src/main/AndroidManifest.xml:22:17-77
	android:name
		ADDED from src/main/AndroidManifest.xml:22:27-74
activity#com.yc.basic.SecondActivity
ADDED from src/main/AndroidManifest.xml:25:9-27:20
	android:name
		ADDED from src/main/AndroidManifest.xml:25:19-61
	android:launchMode
		ADDED from src/main/AndroidManifest.xml:26:13-44
activity#com.yc.basic.ThirdActivity
ADDED from src/main/AndroidManifest.xml:28:9-30:20
	android:name
		ADDED from src/main/AndroidManifest.xml:28:19-60
	android:launchMode
		ADDED from src/main/AndroidManifest.xml:29:13-44
activity#com.yc.basic.BasicActivity
ADDED from src/main/AndroidManifest.xml:31:9-34:20
	android:name
		ADDED from src/main/AndroidManifest.xml:32:13-54
	android:launchMode
		ADDED from src/main/AndroidManifest.xml:33:13-44
activity#com.yc.priority.ParentActivity
ADDED from src/main/AndroidManifest.xml:35:9-67
	android:name
		ADDED from src/main/AndroidManifest.xml:35:19-64
activity#com.yc.priority.OldBrotherActivity
ADDED from src/main/AndroidManifest.xml:36:9-71
	android:name
		ADDED from src/main/AndroidManifest.xml:36:19-68
activity#com.yc.priority.YoungBrotherActivity
ADDED from src/main/AndroidManifest.xml:37:9-73
	android:name
		ADDED from src/main/AndroidManifest.xml:37:19-70